<?xml version="1.0" encoding="UTF-8"?>
<testsuite xmlns:xsi="http://www.w3.org/2001/XMLSchema-instance" xsi:noNamespaceSchemaLocation="https://maven.apache.org/surefire/maven-surefire-plugin/xsd/surefire-test-report-3.0.xsd" version="3.0" name="neoflex.calculator.CalculatorApplicationTests" time="2.681" tests="1" errors="0" skipped="0" failures="0">
  <properties>
[...]
</properties>
  <testcase name="contextLoads" classname="neoflex.calculator.CalculatorApplicationTests" time="0.658">
    <system-out><![CDATA[17:40:02.359 [main] INFO  o.s.t.c.s.AnnotationConfigContextLoaderUtils - Could not detect default configuration classes for test class [neoflex.calculator.CalculatorApplicationTests]: CalculatorApplicationTests does not declare any static, non-private, non-final, nested classes annotated with @Configuration.
17:40:02.459 [main] INFO  o.s.b.t.c.SpringBootTestContextBootstrapper - Found @SpringBootConfiguration neoflex.calculator.CalculatorApplication for test class neoflex.calculator.CalculatorApplicationTests

  .   ____          _            __ _ _
 /\\ / ___'_ __ _ _(_)_ __  __ _ \ \ \ \
( ( )\___ | '_ | '_| | '_ \/ _` | \ \ \ \
 \\/  ___)| |_)| | | | | || (_| |  ) ) ) )
  '  |____| .__|_| |_|_| |_\__, | / / / /
 =========|_|==============|___/=/_/_/_/

 :: Spring Boot ::                (v3.3.5)

17:40:02.782 [main] INFO  n.c.CalculatorApplicationTests - Starting CalculatorApplicationTests using Java 21.0.2 with PID 26816 (started by Artem in D:\Github\Neoflex_bank_project\Neoflex_bank_project\calculator)
17:40:02.783 [main] DEBUG n.c.CalculatorApplicationTests - Running with Spring Boot v3.3.5, Spring v6.1.14
17:40:02.783 [main] INFO  n.c.CalculatorApplicationTests - No active profile set, falling back to 1 default profile: "default"
17:40:04.102 [main] INFO  n.c.CalculatorApplicationTests - Started CalculatorApplicationTests in 1.537 seconds (process running for 2.423)
]]></system-out>
    <system-err><![CDATA[WARNING: A Java agent has been loaded dynamically (C:\Users\Artem\.m2\repository\net\bytebuddy\byte-buddy-agent\1.14.19\byte-buddy-agent-1.14.19.jar)
WARNING: If a serviceability tool is in use, please run with -XX:+EnableDynamicAgentLoading to hide this warning
WARNING: If a serviceability tool is not in use, please run with -Djdk.instrument.traceUsage for more information
WARNING: Dynamic loading of agents will be disallowed by default in a future release
]]></system-err>
  </testcase>
</testsuite>