<?xml version="1.0" encoding="UTF-8"?>
<testsuite xmlns:xsi="http://www.w3.org/2001/XMLSchema-instance" xsi:noNamespaceSchemaLocation="https://maven.apache.org/surefire/maven-surefire-plugin/xsd/surefire-test-report-3.0.xsd" version="3.0" name="neoflex.calculator.service.LoanOfferServiceTest" time="0.175" tests="20" errors="0" skipped="0" failures="0">
  <properties>
[...]
</properties>
  <testcase name="testGenerateLoanOffers" classname="neoflex.calculator.service.LoanOfferServiceTest" time="0.033">
    <system-out><![CDATA[17:40:04.793 [main] INFO  o.s.t.c.s.AnnotationConfigContextLoaderUtils - Could not detect default configuration classes for test class [neoflex.calculator.service.LoanOfferServiceTest]: LoanOfferServiceTest does not declare any static, non-private, non-final, nested classes annotated with @Configuration.
17:40:04.802 [main] INFO  o.s.b.t.c.SpringBootTestContextBootstrapper - Found @SpringBootConfiguration neoflex.calculator.CalculatorApplication for test class neoflex.calculator.service.LoanOfferServiceTest
17:40:04.825 [main] INFO  n.c.service.LoanOfferService - Генерация кредитных предложений для запроса: neoflex.calculator.dto.LoanStatementRequestDto@29c244e
17:40:04.827 [main] DEBUG n.c.service.LoanOfferService - Создание кредитного предложения с insuranceEnabled: false, salaryClient: false
17:40:04.827 [main] DEBUG n.c.service.LoanOfferService - Расчет аннуитетного ежемесячного платежа для loanAmount: 100000, rate: 0.1, termMonths: 12
17:40:04.829 [main] DEBUG n.c.service.LoanOfferService - Рассчитан аннуитетный ежемесячный платеж: 8791.59
17:40:04.829 [main] DEBUG n.c.service.LoanOfferService - Расчет дифференцированного ежемесячного платежа для loanAmount: 100000, rate: 0.1, termMonths: 12
17:40:04.829 [main] DEBUG n.c.service.LoanOfferService - Рассчитан дифференцированный ежемесячный платеж: 9166.67
17:40:04.830 [main] DEBUG n.c.service.LoanOfferService - Расчет итоговой суммы дифференцированного кредита для loanAmount: 100000, rate: 0.1, termMonths: 12
17:40:04.830 [main] DEBUG n.c.service.LoanOfferService - Рассчитана итоговая сумма дифференцированного кредита: 105416.666666666666666666666666666662633333333333333333333333333333333326
17:40:04.831 [main] DEBUG n.c.service.LoanOfferService - Создано кредитное предложение: neoflex.calculator.dto.LoanOfferDto@646e6d07
17:40:04.831 [main] DEBUG n.c.service.LoanOfferService - Создание кредитного предложения с insuranceEnabled: false, salaryClient: true
17:40:04.831 [main] DEBUG n.c.service.LoanOfferService - Расчет аннуитетного ежемесячного платежа для loanAmount: 100000, rate: 0.09, termMonths: 12
17:40:04.832 [main] DEBUG n.c.service.LoanOfferService - Рассчитан аннуитетный ежемесячный платеж: 8745.15
17:40:04.832 [main] DEBUG n.c.service.LoanOfferService - Расчет дифференцированного ежемесячного платежа для loanAmount: 100000, rate: 0.09, termMonths: 12
17:40:04.832 [main] DEBUG n.c.service.LoanOfferService - Рассчитан дифференцированный ежемесячный платеж: 9083.33
17:40:04.832 [main] DEBUG n.c.service.LoanOfferService - Расчет итоговой суммы дифференцированного кредита для loanAmount: 100000, rate: 0.09, termMonths: 12
17:40:04.833 [main] DEBUG n.c.service.LoanOfferService - Рассчитана итоговая сумма дифференцированного кредита: 104874.9999999999999999999999999999961650
17:40:04.833 [main] DEBUG n.c.service.LoanOfferService - Создано кредитное предложение: neoflex.calculator.dto.LoanOfferDto@5501d1c8
17:40:04.833 [main] DEBUG n.c.service.LoanOfferService - Создание кредитного предложения с insuranceEnabled: true, salaryClient: false
17:40:04.833 [main] DEBUG n.c.service.LoanOfferService - Расчет аннуитетного ежемесячного платежа для loanAmount: 100000, rate: 0.07, termMonths: 12
17:40:04.833 [main] DEBUG n.c.service.LoanOfferService - Рассчитан аннуитетный ежемесячный платеж: 8652.67
17:40:04.834 [main] DEBUG n.c.service.LoanOfferService - Расчет дифференцированного ежемесячного платежа для loanAmount: 100000, rate: 0.07, termMonths: 12
17:40:04.834 [main] DEBUG n.c.service.LoanOfferService - Рассчитан дифференцированный ежемесячный платеж: 8916.67
17:40:04.834 [main] DEBUG n.c.service.LoanOfferService - Расчет итоговой суммы дифференцированного кредита для loanAmount: 100000, rate: 0.07, termMonths: 12
17:40:04.834 [main] DEBUG n.c.service.LoanOfferService - Рассчитана итоговая сумма дифференцированного кредита: 103791.666666666666666666666666666662578333333333333333333333333333333326
17:40:04.835 [main] DEBUG n.c.service.LoanOfferService - Создано кредитное предложение: neoflex.calculator.dto.LoanOfferDto@652b3733
17:40:04.835 [main] DEBUG n.c.service.LoanOfferService - Создание кредитного предложения с insuranceEnabled: true, salaryClient: true
17:40:04.835 [main] DEBUG n.c.service.LoanOfferService - Расчет аннуитетного ежемесячного платежа для loanAmount: 100000, rate: 0.06, termMonths: 12
17:40:04.835 [main] DEBUG n.c.service.LoanOfferService - Рассчитан аннуитетный ежемесячный платеж: 8606.64
17:40:04.835 [main] DEBUG n.c.service.LoanOfferService - Расчет дифференцированного ежемесячного платежа для loanAmount: 100000, rate: 0.06, termMonths: 12
17:40:04.836 [main] DEBUG n.c.service.LoanOfferService - Рассчитан дифференцированный ежемесячный платеж: 8833.33
17:40:04.836 [main] DEBUG n.c.service.LoanOfferService - Расчет итоговой суммы дифференцированного кредита для loanAmount: 100000, rate: 0.06, termMonths: 12
17:40:04.836 [main] DEBUG n.c.service.LoanOfferService - Рассчитана итоговая сумма дифференцированного кредита: 103249.999999999999999999999999999996110
17:40:04.836 [main] DEBUG n.c.service.LoanOfferService - Создано кредитное предложение: neoflex.calculator.dto.LoanOfferDto@7b598d05
17:40:04.837 [main] INFO  n.c.service.LoanOfferService - Сгенерировано 4 кредитных предложений.
]]></system-out>
  </testcase>
  <testcase name="testCalculateCredit_Unemployed" classname="neoflex.calculator.service.LoanOfferServiceTest" time="0.005">
    <system-out><![CDATA[17:40:04.844 [main] INFO  n.c.service.LoanOfferService - Расчет кредита для данных скоринга: neoflex.calculator.dto.ScoringDataDto@126675fd
17:40:04.845 [main] WARN  n.c.service.LoanOfferService - Данные скоринга отклонены: Статус - безработный.
]]></system-out>
  </testcase>
  <testcase name="testGenerateLoanOffers_withInsuranceNoSalaryClient" classname="neoflex.calculator.service.LoanOfferServiceTest" time="0.01">
    <system-out><![CDATA[17:40:04.850 [main] INFO  n.c.service.LoanOfferService - Генерация кредитных предложений для запроса: neoflex.calculator.dto.LoanStatementRequestDto@5560b64d
17:40:04.850 [main] DEBUG n.c.service.LoanOfferService - Создание кредитного предложения с insuranceEnabled: false, salaryClient: false
17:40:04.850 [main] DEBUG n.c.service.LoanOfferService - Расчет аннуитетного ежемесячного платежа для loanAmount: 500000, rate: 0.1, termMonths: 24
17:40:04.851 [main] DEBUG n.c.service.LoanOfferService - Рассчитан аннуитетный ежемесячный платеж: 23072.46
17:40:04.851 [main] DEBUG n.c.service.LoanOfferService - Расчет дифференцированного ежемесячного платежа для loanAmount: 500000, rate: 0.1, termMonths: 24
17:40:04.851 [main] DEBUG n.c.service.LoanOfferService - Рассчитан дифференцированный ежемесячный платеж: 25000.00
17:40:04.851 [main] DEBUG n.c.service.LoanOfferService - Расчет итоговой суммы дифференцированного кредита для loanAmount: 500000, rate: 0.1, termMonths: 24
17:40:04.852 [main] DEBUG n.c.service.LoanOfferService - Рассчитана итоговая сумма дифференцированного кредита: 552083.33333333333333333333333333325891666666666666666666666666666666636
17:40:04.852 [main] DEBUG n.c.service.LoanOfferService - Создано кредитное предложение: neoflex.calculator.dto.LoanOfferDto@2da5fdc
17:40:04.852 [main] DEBUG n.c.service.LoanOfferService - Создание кредитного предложения с insuranceEnabled: false, salaryClient: true
17:40:04.852 [main] DEBUG n.c.service.LoanOfferService - Расчет аннуитетного ежемесячного платежа для loanAmount: 500000, rate: 0.09, termMonths: 24
17:40:04.852 [main] DEBUG n.c.service.LoanOfferService - Рассчитан аннуитетный ежемесячный платеж: 22842.37
17:40:04.852 [main] DEBUG n.c.service.LoanOfferService - Расчет дифференцированного ежемесячного платежа для loanAmount: 500000, rate: 0.09, termMonths: 24
17:40:04.853 [main] DEBUG n.c.service.LoanOfferService - Рассчитан дифференцированный ежемесячный платеж: 24583.33
17:40:04.853 [main] DEBUG n.c.service.LoanOfferService - Расчет итоговой суммы дифференцированного кредита для loanAmount: 500000, rate: 0.09, termMonths: 24
17:40:04.853 [main] DEBUG n.c.service.LoanOfferService - Рассчитана итоговая сумма дифференцированного кредита: 546874.999999999999999999999999999926900
17:40:04.853 [main] DEBUG n.c.service.LoanOfferService - Создано кредитное предложение: neoflex.calculator.dto.LoanOfferDto@23321be7
17:40:04.854 [main] DEBUG n.c.service.LoanOfferService - Создание кредитного предложения с insuranceEnabled: true, salaryClient: false
17:40:04.854 [main] DEBUG n.c.service.LoanOfferService - Расчет аннуитетного ежемесячного платежа для loanAmount: 500000, rate: 0.07, termMonths: 24
17:40:04.854 [main] DEBUG n.c.service.LoanOfferService - Рассчитан аннуитетный ежемесячный платеж: 22386.29
17:40:04.854 [main] DEBUG n.c.service.LoanOfferService - Расчет дифференцированного ежемесячного платежа для loanAmount: 500000, rate: 0.07, termMonths: 24
17:40:04.854 [main] DEBUG n.c.service.LoanOfferService - Рассчитан дифференцированный ежемесячный платеж: 23750.00
17:40:04.854 [main] DEBUG n.c.service.LoanOfferService - Расчет итоговой суммы дифференцированного кредита для loanAmount: 500000, rate: 0.07, termMonths: 24
17:40:04.855 [main] DEBUG n.c.service.LoanOfferService - Рассчитана итоговая сумма дифференцированного кредита: 536458.33333333333333333333333333325661666666666666666666666666666666636
17:40:04.855 [main] DEBUG n.c.service.LoanOfferService - Создано кредитное предложение: neoflex.calculator.dto.LoanOfferDto@61ad30f6
17:40:04.855 [main] DEBUG n.c.service.LoanOfferService - Создание кредитного предложения с insuranceEnabled: true, salaryClient: true
17:40:04.855 [main] DEBUG n.c.service.LoanOfferService - Расчет аннуитетного ежемесячного платежа для loanAmount: 500000, rate: 0.06, termMonths: 24
17:40:04.855 [main] DEBUG n.c.service.LoanOfferService - Рассчитан аннуитетный ежемесячный платеж: 22160.31
17:40:04.855 [main] DEBUG n.c.service.LoanOfferService - Расчет дифференцированного ежемесячного платежа для loanAmount: 500000, rate: 0.06, termMonths: 24
17:40:04.855 [main] DEBUG n.c.service.LoanOfferService - Рассчитан дифференцированный ежемесячный платеж: 23333.33
17:40:04.855 [main] DEBUG n.c.service.LoanOfferService - Расчет итоговой суммы дифференцированного кредита для loanAmount: 500000, rate: 0.06, termMonths: 24
17:40:04.856 [main] DEBUG n.c.service.LoanOfferService - Рассчитана итоговая сумма дифференцированного кредита: 531249.99999999999999999999999999992460
17:40:04.856 [main] DEBUG n.c.service.LoanOfferService - Создано кредитное предложение: neoflex.calculator.dto.LoanOfferDto@312f3050
17:40:04.856 [main] INFO  n.c.service.LoanOfferService - Сгенерировано 4 кредитных предложений.
]]></system-out>
  </testcase>
  <testcase name="testCalculateCredit_LoanAmountExceedsSalary" classname="neoflex.calculator.service.LoanOfferServiceTest" time="0.003">
    <system-out><![CDATA[17:40:04.861 [main] INFO  n.c.service.LoanOfferService - Расчет кредита для данных скоринга: neoflex.calculator.dto.ScoringDataDto@574ebdaf
17:40:04.861 [main] WARN  n.c.service.LoanOfferService - Данные скоринга отклонены: Сумма займа превышает 24 зарплаты.
]]></system-out>
  </testcase>
  <testcase name="testCalculateCredit_Married" classname="neoflex.calculator.service.LoanOfferServiceTest" time="0.008">
    <system-out><![CDATA[17:40:04.865 [main] INFO  n.c.service.LoanOfferService - Расчет кредита для данных скоринга: neoflex.calculator.dto.ScoringDataDto@33f349ae
17:40:04.866 [main] DEBUG n.c.service.LoanOfferService - Расчет аннуитетного ежемесячного платежа для loanAmount: 100000, rate: -2.9, termMonths: 12
17:40:04.867 [main] DEBUG n.c.service.LoanOfferService - Рассчитан аннуитетный ежемесячный платеж: 906.85
17:40:04.867 [main] DEBUG n.c.service.LoanOfferService - Расчет графика аннуитетных платежей для loanAmount: 100000, rate: -2.9, term: 12
17:40:04.867 [main] DEBUG n.c.service.LoanOfferService - Расчет аннуитетного ежемесячного платежа для loanAmount: 100000, rate: -2.9, termMonths: 12
17:40:04.867 [main] DEBUG n.c.service.LoanOfferService - Рассчитан аннуитетный ежемесячный платеж: 906.85
17:40:04.869 [main] DEBUG n.c.service.LoanOfferService - Рассчитан график аннуитетных платежей: [neoflex.calculator.dto.PaymentScheduleElementDto@54daf8f9, neoflex.calculator.dto.PaymentScheduleElementDto@7d4d65f5, neoflex.calculator.dto.PaymentScheduleElementDto@38cf3ae1, neoflex.calculator.dto.PaymentScheduleElementDto@123ca460, neoflex.calculator.dto.PaymentScheduleElementDto@11228bee, neoflex.calculator.dto.PaymentScheduleElementDto@7d626f2, neoflex.calculator.dto.PaymentScheduleElementDto@460f1cdb, neoflex.calculator.dto.PaymentScheduleElementDto@31e7afde, neoflex.calculator.dto.PaymentScheduleElementDto@349f3ff7, neoflex.calculator.dto.PaymentScheduleElementDto@2487e20, neoflex.calculator.dto.PaymentScheduleElementDto@3c9f4376, neoflex.calculator.dto.PaymentScheduleElementDto@308a9264]
17:40:04.869 [main] DEBUG n.c.service.LoanOfferService - Расчет дифференцированного ежемесячного платежа для loanAmount: 100000, rate: -2.9, termMonths: 12
17:40:04.869 [main] DEBUG n.c.service.LoanOfferService - Рассчитан дифференцированный ежемесячный платеж: -15833.33
17:40:04.869 [main] DEBUG n.c.service.LoanOfferService - Расчет итоговой суммы дифференцированного кредита для loanAmount: 100000, rate: -2.9, termMonths: 12
17:40:04.869 [main] DEBUG n.c.service.LoanOfferService - Рассчитана итоговая сумма дифференцированного кредита: -57083.3333333333333333333333333333643166666666666666666666666666666674
17:40:04.869 [main] DEBUG n.c.service.LoanOfferService - Расчет графика дифференцированных платежей для loanAmount: 100000, rate: -2.9, term: 12
17:40:04.869 [main] DEBUG n.c.service.LoanOfferService - Рассчитан график дифференцированных платежей: [neoflex.calculator.dto.PaymentScheduleElementDto@7da77305, neoflex.calculator.dto.PaymentScheduleElementDto@3cdfbbef, neoflex.calculator.dto.PaymentScheduleElementDto@7a1ddbf1, neoflex.calculator.dto.PaymentScheduleElementDto@1e606f64, neoflex.calculator.dto.PaymentScheduleElementDto@581918f6, neoflex.calculator.dto.PaymentScheduleElementDto@1958c0d9, neoflex.calculator.dto.PaymentScheduleElementDto@d8e4250, neoflex.calculator.dto.PaymentScheduleElementDto@100807ca, neoflex.calculator.dto.PaymentScheduleElementDto@c67395, neoflex.calculator.dto.PaymentScheduleElementDto@5fc7255c, neoflex.calculator.dto.PaymentScheduleElementDto@20a47036, neoflex.calculator.dto.PaymentScheduleElementDto@70c205bf]
17:40:04.870 [main] INFO  n.c.service.LoanOfferService - Рассчитанные данные кредита: neoflex.calculator.dto.CreditDto@2520aa05
]]></system-out>
  </testcase>
  <testcase name="testGenerateLoanOffers_withInsuranceAndSalaryClient" classname="neoflex.calculator.service.LoanOfferServiceTest" time="0.016">
    <system-out><![CDATA[17:40:04.874 [main] INFO  n.c.service.LoanOfferService - Генерация кредитных предложений для запроса: neoflex.calculator.dto.LoanStatementRequestDto@26865b57
17:40:04.874 [main] DEBUG n.c.service.LoanOfferService - Создание кредитного предложения с insuranceEnabled: false, salaryClient: false
17:40:04.874 [main] DEBUG n.c.service.LoanOfferService - Расчет аннуитетного ежемесячного платежа для loanAmount: 500000, rate: 0.1, termMonths: 24
17:40:04.883 [main] DEBUG n.c.service.LoanOfferService - Рассчитан аннуитетный ежемесячный платеж: 23072.46
17:40:04.884 [main] DEBUG n.c.service.LoanOfferService - Расчет дифференцированного ежемесячного платежа для loanAmount: 500000, rate: 0.1, termMonths: 24
17:40:04.884 [main] DEBUG n.c.service.LoanOfferService - Рассчитан дифференцированный ежемесячный платеж: 25000.00
17:40:04.884 [main] DEBUG n.c.service.LoanOfferService - Расчет итоговой суммы дифференцированного кредита для loanAmount: 500000, rate: 0.1, termMonths: 24
17:40:04.884 [main] DEBUG n.c.service.LoanOfferService - Рассчитана итоговая сумма дифференцированного кредита: 552083.33333333333333333333333333325891666666666666666666666666666666636
17:40:04.884 [main] DEBUG n.c.service.LoanOfferService - Создано кредитное предложение: neoflex.calculator.dto.LoanOfferDto@46894dc5
17:40:04.884 [main] DEBUG n.c.service.LoanOfferService - Создание кредитного предложения с insuranceEnabled: false, salaryClient: true
17:40:04.884 [main] DEBUG n.c.service.LoanOfferService - Расчет аннуитетного ежемесячного платежа для loanAmount: 500000, rate: 0.09, termMonths: 24
17:40:04.884 [main] DEBUG n.c.service.LoanOfferService - Рассчитан аннуитетный ежемесячный платеж: 22842.37
17:40:04.884 [main] DEBUG n.c.service.LoanOfferService - Расчет дифференцированного ежемесячного платежа для loanAmount: 500000, rate: 0.09, termMonths: 24
17:40:04.884 [main] DEBUG n.c.service.LoanOfferService - Рассчитан дифференцированный ежемесячный платеж: 24583.33
17:40:04.885 [main] DEBUG n.c.service.LoanOfferService - Расчет итоговой суммы дифференцированного кредита для loanAmount: 500000, rate: 0.09, termMonths: 24
17:40:04.885 [main] DEBUG n.c.service.LoanOfferService - Рассчитана итоговая сумма дифференцированного кредита: 546874.999999999999999999999999999926900
17:40:04.885 [main] DEBUG n.c.service.LoanOfferService - Создано кредитное предложение: neoflex.calculator.dto.LoanOfferDto@596afb2f
17:40:04.885 [main] DEBUG n.c.service.LoanOfferService - Создание кредитного предложения с insuranceEnabled: true, salaryClient: false
17:40:04.885 [main] DEBUG n.c.service.LoanOfferService - Расчет аннуитетного ежемесячного платежа для loanAmount: 500000, rate: 0.07, termMonths: 24
17:40:04.885 [main] DEBUG n.c.service.LoanOfferService - Рассчитан аннуитетный ежемесячный платеж: 22386.29
17:40:04.885 [main] DEBUG n.c.service.LoanOfferService - Расчет дифференцированного ежемесячного платежа для loanAmount: 500000, rate: 0.07, termMonths: 24
17:40:04.885 [main] DEBUG n.c.service.LoanOfferService - Рассчитан дифференцированный ежемесячный платеж: 23750.00
17:40:04.885 [main] DEBUG n.c.service.LoanOfferService - Расчет итоговой суммы дифференцированного кредита для loanAmount: 500000, rate: 0.07, termMonths: 24
17:40:04.886 [main] DEBUG n.c.service.LoanOfferService - Рассчитана итоговая сумма дифференцированного кредита: 536458.33333333333333333333333333325661666666666666666666666666666666636
17:40:04.886 [main] DEBUG n.c.service.LoanOfferService - Создано кредитное предложение: neoflex.calculator.dto.LoanOfferDto@79ba0285
17:40:04.886 [main] DEBUG n.c.service.LoanOfferService - Создание кредитного предложения с insuranceEnabled: true, salaryClient: true
17:40:04.886 [main] DEBUG n.c.service.LoanOfferService - Расчет аннуитетного ежемесячного платежа для loanAmount: 500000, rate: 0.06, termMonths: 24
17:40:04.886 [main] DEBUG n.c.service.LoanOfferService - Рассчитан аннуитетный ежемесячный платеж: 22160.31
17:40:04.886 [main] DEBUG n.c.service.LoanOfferService - Расчет дифференцированного ежемесячного платежа для loanAmount: 500000, rate: 0.06, termMonths: 24
17:40:04.886 [main] DEBUG n.c.service.LoanOfferService - Рассчитан дифференцированный ежемесячный платеж: 23333.33
17:40:04.886 [main] DEBUG n.c.service.LoanOfferService - Расчет итоговой суммы дифференцированного кредита для loanAmount: 500000, rate: 0.06, termMonths: 24
17:40:04.886 [main] DEBUG n.c.service.LoanOfferService - Рассчитана итоговая сумма дифференцированного кредита: 531249.99999999999999999999999999992460
17:40:04.887 [main] DEBUG n.c.service.LoanOfferService - Создано кредитное предложение: neoflex.calculator.dto.LoanOfferDto@6df2a206
17:40:04.887 [main] INFO  n.c.service.LoanOfferService - Сгенерировано 4 кредитных предложений.
]]></system-out>
  </testcase>
  <testcase name="testCalculateCredit_BusinessOwner" classname="neoflex.calculator.service.LoanOfferServiceTest" time="0.005">
    <system-out><![CDATA[17:40:04.891 [main] INFO  n.c.service.LoanOfferService - Расчет кредита для данных скоринга: neoflex.calculator.dto.ScoringDataDto@6f240187
17:40:04.892 [main] DEBUG n.c.service.LoanOfferService - Расчет аннуитетного ежемесячного платежа для loanAmount: 100000, rate: 1.1, termMonths: 12
17:40:04.892 [main] DEBUG n.c.service.LoanOfferService - Рассчитан аннуитетный ежемесячный платеж: 14082.54
17:40:04.892 [main] DEBUG n.c.service.LoanOfferService - Расчет графика аннуитетных платежей для loanAmount: 100000, rate: 1.1, term: 12
17:40:04.892 [main] DEBUG n.c.service.LoanOfferService - Расчет аннуитетного ежемесячного платежа для loanAmount: 100000, rate: 1.1, termMonths: 12
17:40:04.892 [main] DEBUG n.c.service.LoanOfferService - Рассчитан аннуитетный ежемесячный платеж: 14082.54
17:40:04.892 [main] DEBUG n.c.service.LoanOfferService - Рассчитан график аннуитетных платежей: [neoflex.calculator.dto.PaymentScheduleElementDto@46a388cc, neoflex.calculator.dto.PaymentScheduleElementDto@3e39f08c, neoflex.calculator.dto.PaymentScheduleElementDto@16e07bae, neoflex.calculator.dto.PaymentScheduleElementDto@598778cc, neoflex.calculator.dto.PaymentScheduleElementDto@3386ed8, neoflex.calculator.dto.PaymentScheduleElementDto@727453a3, neoflex.calculator.dto.PaymentScheduleElementDto@67dc6b48, neoflex.calculator.dto.PaymentScheduleElementDto@57f2e67, neoflex.calculator.dto.PaymentScheduleElementDto@4571cebe, neoflex.calculator.dto.PaymentScheduleElementDto@154864f8, neoflex.calculator.dto.PaymentScheduleElementDto@11cadb32, neoflex.calculator.dto.PaymentScheduleElementDto@6d3ad37a]
17:40:04.892 [main] DEBUG n.c.service.LoanOfferService - Расчет дифференцированного ежемесячного платежа для loanAmount: 100000, rate: 1.1, termMonths: 12
17:40:04.892 [main] DEBUG n.c.service.LoanOfferService - Рассчитан дифференцированный ежемесячный платеж: 17500.00
17:40:04.892 [main] DEBUG n.c.service.LoanOfferService - Расчет итоговой суммы дифференцированного кредита для loanAmount: 100000, rate: 1.1, termMonths: 12
17:40:04.893 [main] DEBUG n.c.service.LoanOfferService - Рассчитана итоговая сумма дифференцированного кредита: 159583.33333333333333333333333333333351666666666666666666666666666666674
17:40:04.893 [main] DEBUG n.c.service.LoanOfferService - Расчет графика дифференцированных платежей для loanAmount: 100000, rate: 1.1, term: 12
17:40:04.893 [main] DEBUG n.c.service.LoanOfferService - Рассчитан график дифференцированных платежей: [neoflex.calculator.dto.PaymentScheduleElementDto@26f5e45d, neoflex.calculator.dto.PaymentScheduleElementDto@704c3bdf, neoflex.calculator.dto.PaymentScheduleElementDto@37986daf, neoflex.calculator.dto.PaymentScheduleElementDto@c82d925, neoflex.calculator.dto.PaymentScheduleElementDto@55c03e4, neoflex.calculator.dto.PaymentScheduleElementDto@14df5253, neoflex.calculator.dto.PaymentScheduleElementDto@605eb072, neoflex.calculator.dto.PaymentScheduleElementDto@7a0f06ad, neoflex.calculator.dto.PaymentScheduleElementDto@1fa9692b, neoflex.calculator.dto.PaymentScheduleElementDto@710afd47, neoflex.calculator.dto.PaymentScheduleElementDto@64420e34, neoflex.calculator.dto.PaymentScheduleElementDto@667a467f]
17:40:04.893 [main] INFO  n.c.service.LoanOfferService - Рассчитанные данные кредита: neoflex.calculator.dto.CreditDto@324e8baa
]]></system-out>
  </testcase>
  <testcase name="testCalculateCredit_SelfEmployed" classname="neoflex.calculator.service.LoanOfferServiceTest" time="0.004">
    <system-out><![CDATA[17:40:04.898 [main] INFO  n.c.service.LoanOfferService - Расчет кредита для данных скоринга: neoflex.calculator.dto.ScoringDataDto@1488a861
17:40:04.898 [main] DEBUG n.c.service.LoanOfferService - Расчет аннуитетного ежемесячного платежа для loanAmount: 100000, rate: 2.1, termMonths: 12
17:40:04.898 [main] DEBUG n.c.service.LoanOfferService - Рассчитан аннуитетный ежемесячный платеж: 20453.31
17:40:04.898 [main] DEBUG n.c.service.LoanOfferService - Расчет графика аннуитетных платежей для loanAmount: 100000, rate: 2.1, term: 12
17:40:04.898 [main] DEBUG n.c.service.LoanOfferService - Расчет аннуитетного ежемесячного платежа для loanAmount: 100000, rate: 2.1, termMonths: 12
17:40:04.898 [main] DEBUG n.c.service.LoanOfferService - Рассчитан аннуитетный ежемесячный платеж: 20453.31
17:40:04.898 [main] DEBUG n.c.service.LoanOfferService - Рассчитан график аннуитетных платежей: [neoflex.calculator.dto.PaymentScheduleElementDto@604f376a, neoflex.calculator.dto.PaymentScheduleElementDto@5432dca2, neoflex.calculator.dto.PaymentScheduleElementDto@12670e55, neoflex.calculator.dto.PaymentScheduleElementDto@43fd77d8, neoflex.calculator.dto.PaymentScheduleElementDto@5a90fcaa, neoflex.calculator.dto.PaymentScheduleElementDto@1805ec96, neoflex.calculator.dto.PaymentScheduleElementDto@32ba5c65, neoflex.calculator.dto.PaymentScheduleElementDto@1ad1be5d, neoflex.calculator.dto.PaymentScheduleElementDto@47797401, neoflex.calculator.dto.PaymentScheduleElementDto@702f4124, neoflex.calculator.dto.PaymentScheduleElementDto@10166230, neoflex.calculator.dto.PaymentScheduleElementDto@7221539]
17:40:04.898 [main] DEBUG n.c.service.LoanOfferService - Расчет дифференцированного ежемесячного платежа для loanAmount: 100000, rate: 2.1, termMonths: 12
17:40:04.898 [main] DEBUG n.c.service.LoanOfferService - Рассчитан дифференцированный ежемесячный платеж: 25833.33
17:40:04.898 [main] DEBUG n.c.service.LoanOfferService - Расчет итоговой суммы дифференцированного кредита для loanAmount: 100000, rate: 2.1, termMonths: 12
17:40:04.899 [main] DEBUG n.c.service.LoanOfferService - Рассчитана итоговая сумма дифференцированного кредита: 213749.999999999999999999999999999999850
17:40:04.899 [main] DEBUG n.c.service.LoanOfferService - Расчет графика дифференцированных платежей для loanAmount: 100000, rate: 2.1, term: 12
17:40:04.899 [main] DEBUG n.c.service.LoanOfferService - Рассчитан график дифференцированных платежей: [neoflex.calculator.dto.PaymentScheduleElementDto@b77b0a0, neoflex.calculator.dto.PaymentScheduleElementDto@15be68b, neoflex.calculator.dto.PaymentScheduleElementDto@22ff1372, neoflex.calculator.dto.PaymentScheduleElementDto@356341c9, neoflex.calculator.dto.PaymentScheduleElementDto@3a70575, neoflex.calculator.dto.PaymentScheduleElementDto@5d96d434, neoflex.calculator.dto.PaymentScheduleElementDto@7283877, neoflex.calculator.dto.PaymentScheduleElementDto@286a4c52, neoflex.calculator.dto.PaymentScheduleElementDto@13dd7887, neoflex.calculator.dto.PaymentScheduleElementDto@780129bc, neoflex.calculator.dto.PaymentScheduleElementDto@3e2c4d4b, neoflex.calculator.dto.PaymentScheduleElementDto@44de8e00]
17:40:04.899 [main] INFO  n.c.service.LoanOfferService - Рассчитанные данные кредита: neoflex.calculator.dto.CreditDto@3cbfdf5c
]]></system-out>
  </testcase>
  <testcase name="testCalculateCredit_Divorced" classname="neoflex.calculator.service.LoanOfferServiceTest" time="0.005">
    <system-out><![CDATA[17:40:04.903 [main] INFO  n.c.service.LoanOfferService - Расчет кредита для данных скоринга: neoflex.calculator.dto.ScoringDataDto@4d825dbe
17:40:04.903 [main] DEBUG n.c.service.LoanOfferService - Расчет аннуитетного ежемесячного платежа для loanAmount: 100000, rate: 1.1, termMonths: 12
17:40:04.903 [main] DEBUG n.c.service.LoanOfferService - Рассчитан аннуитетный ежемесячный платеж: 14082.54
17:40:04.903 [main] DEBUG n.c.service.LoanOfferService - Расчет графика аннуитетных платежей для loanAmount: 100000, rate: 1.1, term: 12
17:40:04.903 [main] DEBUG n.c.service.LoanOfferService - Расчет аннуитетного ежемесячного платежа для loanAmount: 100000, rate: 1.1, termMonths: 12
17:40:04.903 [main] DEBUG n.c.service.LoanOfferService - Рассчитан аннуитетный ежемесячный платеж: 14082.54
17:40:04.903 [main] DEBUG n.c.service.LoanOfferService - Рассчитан график аннуитетных платежей: [neoflex.calculator.dto.PaymentScheduleElementDto@11180750, neoflex.calculator.dto.PaymentScheduleElementDto@210635fd, neoflex.calculator.dto.PaymentScheduleElementDto@63814bbe, neoflex.calculator.dto.PaymentScheduleElementDto@3cb195dd, neoflex.calculator.dto.PaymentScheduleElementDto@6dc2279c, neoflex.calculator.dto.PaymentScheduleElementDto@7d7b4e04, neoflex.calculator.dto.PaymentScheduleElementDto@144e36ae, neoflex.calculator.dto.PaymentScheduleElementDto@24615687, neoflex.calculator.dto.PaymentScheduleElementDto@58636b50, neoflex.calculator.dto.PaymentScheduleElementDto@7f4f1536, neoflex.calculator.dto.PaymentScheduleElementDto@1ad1b737, neoflex.calculator.dto.PaymentScheduleElementDto@342a1f84]
17:40:04.903 [main] DEBUG n.c.service.LoanOfferService - Расчет дифференцированного ежемесячного платежа для loanAmount: 100000, rate: 1.1, termMonths: 12
17:40:04.903 [main] DEBUG n.c.service.LoanOfferService - Рассчитан дифференцированный ежемесячный платеж: 17500.00
17:40:04.904 [main] DEBUG n.c.service.LoanOfferService - Расчет итоговой суммы дифференцированного кредита для loanAmount: 100000, rate: 1.1, termMonths: 12
17:40:04.904 [main] DEBUG n.c.service.LoanOfferService - Рассчитана итоговая сумма дифференцированного кредита: 159583.33333333333333333333333333333351666666666666666666666666666666674
17:40:04.904 [main] DEBUG n.c.service.LoanOfferService - Расчет графика дифференцированных платежей для loanAmount: 100000, rate: 1.1, term: 12
17:40:04.904 [main] DEBUG n.c.service.LoanOfferService - Рассчитан график дифференцированных платежей: [neoflex.calculator.dto.PaymentScheduleElementDto@77d0dbba, neoflex.calculator.dto.PaymentScheduleElementDto@70b196d3, neoflex.calculator.dto.PaymentScheduleElementDto@67ceeffd, neoflex.calculator.dto.PaymentScheduleElementDto@3fc1abf, neoflex.calculator.dto.PaymentScheduleElementDto@72001c71, neoflex.calculator.dto.PaymentScheduleElementDto@e7b0bec, neoflex.calculator.dto.PaymentScheduleElementDto@1e5aacd9, neoflex.calculator.dto.PaymentScheduleElementDto@7d90644f, neoflex.calculator.dto.PaymentScheduleElementDto@f810c18, neoflex.calculator.dto.PaymentScheduleElementDto@59f3426f, neoflex.calculator.dto.PaymentScheduleElementDto@120411ec, neoflex.calculator.dto.PaymentScheduleElementDto@6cc8adff]
17:40:04.904 [main] INFO  n.c.service.LoanOfferService - Рассчитанные данные кредита: neoflex.calculator.dto.CreditDto@6b2e9db2
]]></system-out>
  </testcase>
  <testcase name="testGenerateLoanOffers_noInsuranceNoSalaryClient" classname="neoflex.calculator.service.LoanOfferServiceTest" time="0.006">
    <system-out><![CDATA[17:40:04.909 [main] INFO  n.c.service.LoanOfferService - Генерация кредитных предложений для запроса: neoflex.calculator.dto.LoanStatementRequestDto@280d5a82
17:40:04.909 [main] DEBUG n.c.service.LoanOfferService - Создание кредитного предложения с insuranceEnabled: false, salaryClient: false
17:40:04.909 [main] DEBUG n.c.service.LoanOfferService - Расчет аннуитетного ежемесячного платежа для loanAmount: 500000, rate: 0.1, termMonths: 24
17:40:04.909 [main] DEBUG n.c.service.LoanOfferService - Рассчитан аннуитетный ежемесячный платеж: 23072.46
17:40:04.909 [main] DEBUG n.c.service.LoanOfferService - Расчет дифференцированного ежемесячного платежа для loanAmount: 500000, rate: 0.1, termMonths: 24
17:40:04.909 [main] DEBUG n.c.service.LoanOfferService - Рассчитан дифференцированный ежемесячный платеж: 25000.00
17:40:04.909 [main] DEBUG n.c.service.LoanOfferService - Расчет итоговой суммы дифференцированного кредита для loanAmount: 500000, rate: 0.1, termMonths: 24
17:40:04.909 [main] DEBUG n.c.service.LoanOfferService - Рассчитана итоговая сумма дифференцированного кредита: 552083.33333333333333333333333333325891666666666666666666666666666666636
17:40:04.909 [main] DEBUG n.c.service.LoanOfferService - Создано кредитное предложение: neoflex.calculator.dto.LoanOfferDto@1a34a51e
17:40:04.909 [main] DEBUG n.c.service.LoanOfferService - Создание кредитного предложения с insuranceEnabled: false, salaryClient: true
17:40:04.910 [main] DEBUG n.c.service.LoanOfferService - Расчет аннуитетного ежемесячного платежа для loanAmount: 500000, rate: 0.09, termMonths: 24
17:40:04.910 [main] DEBUG n.c.service.LoanOfferService - Рассчитан аннуитетный ежемесячный платеж: 22842.37
17:40:04.910 [main] DEBUG n.c.service.LoanOfferService - Расчет дифференцированного ежемесячного платежа для loanAmount: 500000, rate: 0.09, termMonths: 24
17:40:04.910 [main] DEBUG n.c.service.LoanOfferService - Рассчитан дифференцированный ежемесячный платеж: 24583.33
17:40:04.910 [main] DEBUG n.c.service.LoanOfferService - Расчет итоговой суммы дифференцированного кредита для loanAmount: 500000, rate: 0.09, termMonths: 24
17:40:04.910 [main] DEBUG n.c.service.LoanOfferService - Рассчитана итоговая сумма дифференцированного кредита: 546874.999999999999999999999999999926900
17:40:04.910 [main] DEBUG n.c.service.LoanOfferService - Создано кредитное предложение: neoflex.calculator.dto.LoanOfferDto@333a44f2
17:40:04.910 [main] DEBUG n.c.service.LoanOfferService - Создание кредитного предложения с insuranceEnabled: true, salaryClient: false
17:40:04.910 [main] DEBUG n.c.service.LoanOfferService - Расчет аннуитетного ежемесячного платежа для loanAmount: 500000, rate: 0.07, termMonths: 24
17:40:04.911 [main] DEBUG n.c.service.LoanOfferService - Рассчитан аннуитетный ежемесячный платеж: 22386.29
17:40:04.911 [main] DEBUG n.c.service.LoanOfferService - Расчет дифференцированного ежемесячного платежа для loanAmount: 500000, rate: 0.07, termMonths: 24
17:40:04.911 [main] DEBUG n.c.service.LoanOfferService - Рассчитан дифференцированный ежемесячный платеж: 23750.00
17:40:04.911 [main] DEBUG n.c.service.LoanOfferService - Расчет итоговой суммы дифференцированного кредита для loanAmount: 500000, rate: 0.07, termMonths: 24
17:40:04.911 [main] DEBUG n.c.service.LoanOfferService - Рассчитана итоговая сумма дифференцированного кредита: 536458.33333333333333333333333333325661666666666666666666666666666666636
17:40:04.911 [main] DEBUG n.c.service.LoanOfferService - Создано кредитное предложение: neoflex.calculator.dto.LoanOfferDto@2c668c2a
17:40:04.911 [main] DEBUG n.c.service.LoanOfferService - Создание кредитного предложения с insuranceEnabled: true, salaryClient: true
17:40:04.911 [main] DEBUG n.c.service.LoanOfferService - Расчет аннуитетного ежемесячного платежа для loanAmount: 500000, rate: 0.06, termMonths: 24
17:40:04.911 [main] DEBUG n.c.service.LoanOfferService - Рассчитан аннуитетный ежемесячный платеж: 22160.31
17:40:04.912 [main] DEBUG n.c.service.LoanOfferService - Расчет дифференцированного ежемесячного платежа для loanAmount: 500000, rate: 0.06, termMonths: 24
17:40:04.912 [main] DEBUG n.c.service.LoanOfferService - Рассчитан дифференцированный ежемесячный платеж: 23333.33
17:40:04.912 [main] DEBUG n.c.service.LoanOfferService - Расчет итоговой суммы дифференцированного кредита для loanAmount: 500000, rate: 0.06, termMonths: 24
17:40:04.912 [main] DEBUG n.c.service.LoanOfferService - Рассчитана итоговая сумма дифференцированного кредита: 531249.99999999999999999999999999992460
17:40:04.912 [main] DEBUG n.c.service.LoanOfferService - Создано кредитное предложение: neoflex.calculator.dto.LoanOfferDto@6efd0a6e
17:40:04.912 [main] INFO  n.c.service.LoanOfferService - Сгенерировано 4 кредитных предложений.
]]></system-out>
  </testcase>
  <testcase name="testCalculateCredit_TopManager" classname="neoflex.calculator.service.LoanOfferServiceTest" time="0.004">
    <system-out><![CDATA[17:40:04.916 [main] INFO  n.c.service.LoanOfferService - Расчет кредита для данных скоринга: neoflex.calculator.dto.ScoringDataDto@51de5efa
17:40:04.916 [main] DEBUG n.c.service.LoanOfferService - Расчет аннуитетного ежемесячного платежа для loanAmount: 100000, rate: -2.9, termMonths: 12
17:40:04.916 [main] DEBUG n.c.service.LoanOfferService - Рассчитан аннуитетный ежемесячный платеж: 906.85
17:40:04.916 [main] DEBUG n.c.service.LoanOfferService - Расчет графика аннуитетных платежей для loanAmount: 100000, rate: -2.9, term: 12
17:40:04.916 [main] DEBUG n.c.service.LoanOfferService - Расчет аннуитетного ежемесячного платежа для loanAmount: 100000, rate: -2.9, termMonths: 12
17:40:04.916 [main] DEBUG n.c.service.LoanOfferService - Рассчитан аннуитетный ежемесячный платеж: 906.85
17:40:04.916 [main] DEBUG n.c.service.LoanOfferService - Рассчитан график аннуитетных платежей: [neoflex.calculator.dto.PaymentScheduleElementDto@30228de7, neoflex.calculator.dto.PaymentScheduleElementDto@28bd5015, neoflex.calculator.dto.PaymentScheduleElementDto@2e159116, neoflex.calculator.dto.PaymentScheduleElementDto@d1f23a0, neoflex.calculator.dto.PaymentScheduleElementDto@2976ca51, neoflex.calculator.dto.PaymentScheduleElementDto@6b091a92, neoflex.calculator.dto.PaymentScheduleElementDto@6996bbc4, neoflex.calculator.dto.PaymentScheduleElementDto@1de08775, neoflex.calculator.dto.PaymentScheduleElementDto@2dbf2da, neoflex.calculator.dto.PaymentScheduleElementDto@21a5b599, neoflex.calculator.dto.PaymentScheduleElementDto@7db162f2, neoflex.calculator.dto.PaymentScheduleElementDto@64f3991e]
17:40:04.916 [main] DEBUG n.c.service.LoanOfferService - Расчет дифференцированного ежемесячного платежа для loanAmount: 100000, rate: -2.9, termMonths: 12
17:40:04.917 [main] DEBUG n.c.service.LoanOfferService - Рассчитан дифференцированный ежемесячный платеж: -15833.33
17:40:04.917 [main] DEBUG n.c.service.LoanOfferService - Расчет итоговой суммы дифференцированного кредита для loanAmount: 100000, rate: -2.9, termMonths: 12
17:40:04.917 [main] DEBUG n.c.service.LoanOfferService - Рассчитана итоговая сумма дифференцированного кредита: -57083.3333333333333333333333333333643166666666666666666666666666666674
17:40:04.917 [main] DEBUG n.c.service.LoanOfferService - Расчет графика дифференцированных платежей для loanAmount: 100000, rate: -2.9, term: 12
17:40:04.917 [main] DEBUG n.c.service.LoanOfferService - Рассчитан график дифференцированных платежей: [neoflex.calculator.dto.PaymentScheduleElementDto@39e3ea78, neoflex.calculator.dto.PaymentScheduleElementDto@35e689a0, neoflex.calculator.dto.PaymentScheduleElementDto@43b6cb1c, neoflex.calculator.dto.PaymentScheduleElementDto@3bf5911d, neoflex.calculator.dto.PaymentScheduleElementDto@1de30c31, neoflex.calculator.dto.PaymentScheduleElementDto@1cc93da4, neoflex.calculator.dto.PaymentScheduleElementDto@69d2fb0a, neoflex.calculator.dto.PaymentScheduleElementDto@7e38e254, neoflex.calculator.dto.PaymentScheduleElementDto@7b3feb26, neoflex.calculator.dto.PaymentScheduleElementDto@2e4ecdf8, neoflex.calculator.dto.PaymentScheduleElementDto@503a7990, neoflex.calculator.dto.PaymentScheduleElementDto@69a90b81]
17:40:04.917 [main] INFO  n.c.service.LoanOfferService - Рассчитанные данные кредита: neoflex.calculator.dto.CreditDto@6dcbbb49
]]></system-out>
  </testcase>
  <testcase name="testCalculateCredit_MaleAge30to55" classname="neoflex.calculator.service.LoanOfferServiceTest" time="0.003">
    <system-out><![CDATA[17:40:04.920 [main] INFO  n.c.service.LoanOfferService - Расчет кредита для данных скоринга: neoflex.calculator.dto.ScoringDataDto@35329a05
17:40:04.920 [main] DEBUG n.c.service.LoanOfferService - Расчет аннуитетного ежемесячного платежа для loanAmount: 100000, rate: -2.9, termMonths: 12
17:40:04.920 [main] DEBUG n.c.service.LoanOfferService - Рассчитан аннуитетный ежемесячный платеж: 906.85
17:40:04.920 [main] DEBUG n.c.service.LoanOfferService - Расчет графика аннуитетных платежей для loanAmount: 100000, rate: -2.9, term: 12
17:40:04.921 [main] DEBUG n.c.service.LoanOfferService - Расчет аннуитетного ежемесячного платежа для loanAmount: 100000, rate: -2.9, termMonths: 12
17:40:04.921 [main] DEBUG n.c.service.LoanOfferService - Рассчитан аннуитетный ежемесячный платеж: 906.85
17:40:04.921 [main] DEBUG n.c.service.LoanOfferService - Рассчитан график аннуитетных платежей: [neoflex.calculator.dto.PaymentScheduleElementDto@36c783ca, neoflex.calculator.dto.PaymentScheduleElementDto@17136390, neoflex.calculator.dto.PaymentScheduleElementDto@273293c8, neoflex.calculator.dto.PaymentScheduleElementDto@6f1d799, neoflex.calculator.dto.PaymentScheduleElementDto@ca2cd5e, neoflex.calculator.dto.PaymentScheduleElementDto@a120b9, neoflex.calculator.dto.PaymentScheduleElementDto@333e5fb6, neoflex.calculator.dto.PaymentScheduleElementDto@3b7b0b57, neoflex.calculator.dto.PaymentScheduleElementDto@21a9f95b, neoflex.calculator.dto.PaymentScheduleElementDto@2804b13f, neoflex.calculator.dto.PaymentScheduleElementDto@69069866, neoflex.calculator.dto.PaymentScheduleElementDto@ac417a2]
17:40:04.921 [main] DEBUG n.c.service.LoanOfferService - Расчет дифференцированного ежемесячного платежа для loanAmount: 100000, rate: -2.9, termMonths: 12
17:40:04.921 [main] DEBUG n.c.service.LoanOfferService - Рассчитан дифференцированный ежемесячный платеж: -15833.33
17:40:04.921 [main] DEBUG n.c.service.LoanOfferService - Расчет итоговой суммы дифференцированного кредита для loanAmount: 100000, rate: -2.9, termMonths: 12
17:40:04.921 [main] DEBUG n.c.service.LoanOfferService - Рассчитана итоговая сумма дифференцированного кредита: -57083.3333333333333333333333333333643166666666666666666666666666666674
17:40:04.921 [main] DEBUG n.c.service.LoanOfferService - Расчет графика дифференцированных платежей для loanAmount: 100000, rate: -2.9, term: 12
17:40:04.921 [main] DEBUG n.c.service.LoanOfferService - Рассчитан график дифференцированных платежей: [neoflex.calculator.dto.PaymentScheduleElementDto@64c95480, neoflex.calculator.dto.PaymentScheduleElementDto@69499c6f, neoflex.calculator.dto.PaymentScheduleElementDto@3451fc88, neoflex.calculator.dto.PaymentScheduleElementDto@1e0294a7, neoflex.calculator.dto.PaymentScheduleElementDto@3041beb3, neoflex.calculator.dto.PaymentScheduleElementDto@15cee630, neoflex.calculator.dto.PaymentScheduleElementDto@2e40fdbd, neoflex.calculator.dto.PaymentScheduleElementDto@246de37e, neoflex.calculator.dto.PaymentScheduleElementDto@19647566, neoflex.calculator.dto.PaymentScheduleElementDto@7b79ff1c, neoflex.calculator.dto.PaymentScheduleElementDto@527d48db, neoflex.calculator.dto.PaymentScheduleElementDto@194037f9]
17:40:04.921 [main] INFO  n.c.service.LoanOfferService - Рассчитанные данные кредита: neoflex.calculator.dto.CreditDto@2335aef2
]]></system-out>
  </testcase>
  <testcase name="testCalculateCredit_NonBinary" classname="neoflex.calculator.service.LoanOfferServiceTest" time="0.004">
    <system-out><![CDATA[17:40:04.924 [main] INFO  n.c.service.LoanOfferService - Расчет кредита для данных скоринга: neoflex.calculator.dto.ScoringDataDto@17003497
17:40:04.925 [main] DEBUG n.c.service.LoanOfferService - Расчет аннуитетного ежемесячного платежа для loanAmount: 100000, rate: 7.1, termMonths: 12
17:40:04.925 [main] DEBUG n.c.service.LoanOfferService - Рассчитан аннуитетный ежемесячный платеж: 59391.31
17:40:04.925 [main] DEBUG n.c.service.LoanOfferService - Расчет графика аннуитетных платежей для loanAmount: 100000, rate: 7.1, term: 12
17:40:04.925 [main] DEBUG n.c.service.LoanOfferService - Расчет аннуитетного ежемесячного платежа для loanAmount: 100000, rate: 7.1, termMonths: 12
17:40:04.925 [main] DEBUG n.c.service.LoanOfferService - Рассчитан аннуитетный ежемесячный платеж: 59391.31
17:40:04.925 [main] DEBUG n.c.service.LoanOfferService - Рассчитан график аннуитетных платежей: [neoflex.calculator.dto.PaymentScheduleElementDto@2f038d3c, neoflex.calculator.dto.PaymentScheduleElementDto@376498da, neoflex.calculator.dto.PaymentScheduleElementDto@39a8e2fa, neoflex.calculator.dto.PaymentScheduleElementDto@2f9addd4, neoflex.calculator.dto.PaymentScheduleElementDto@1c43df76, neoflex.calculator.dto.PaymentScheduleElementDto@ff2266c, neoflex.calculator.dto.PaymentScheduleElementDto@71b3ba5a, neoflex.calculator.dto.PaymentScheduleElementDto@83ebdc5, neoflex.calculator.dto.PaymentScheduleElementDto@a047bdb, neoflex.calculator.dto.PaymentScheduleElementDto@14dbfdb1, neoflex.calculator.dto.PaymentScheduleElementDto@7856f41a, neoflex.calculator.dto.PaymentScheduleElementDto@5fbae40]
17:40:04.925 [main] DEBUG n.c.service.LoanOfferService - Расчет дифференцированного ежемесячного платежа для loanAmount: 100000, rate: 7.1, termMonths: 12
17:40:04.925 [main] DEBUG n.c.service.LoanOfferService - Рассчитан дифференцированный ежемесячный платеж: 67500.00
17:40:04.925 [main] DEBUG n.c.service.LoanOfferService - Расчет итоговой суммы дифференцированного кредита для loanAmount: 100000, rate: 7.1, termMonths: 12
17:40:04.925 [main] DEBUG n.c.service.LoanOfferService - Рассчитана итоговая сумма дифференцированного кредита: 484583.3333333333333333333333333333640166666666666666666666666666666674
17:40:04.925 [main] DEBUG n.c.service.LoanOfferService - Расчет графика дифференцированных платежей для loanAmount: 100000, rate: 7.1, term: 12
17:40:04.926 [main] DEBUG n.c.service.LoanOfferService - Рассчитан график дифференцированных платежей: [neoflex.calculator.dto.PaymentScheduleElementDto@2c08c787, neoflex.calculator.dto.PaymentScheduleElementDto@67f591c2, neoflex.calculator.dto.PaymentScheduleElementDto@284c4f02, neoflex.calculator.dto.PaymentScheduleElementDto@709d6de5, neoflex.calculator.dto.PaymentScheduleElementDto@1a43a88e, neoflex.calculator.dto.PaymentScheduleElementDto@51f34185, neoflex.calculator.dto.PaymentScheduleElementDto@1b8d20e6, neoflex.calculator.dto.PaymentScheduleElementDto@e49437, neoflex.calculator.dto.PaymentScheduleElementDto@7645b7d, neoflex.calculator.dto.PaymentScheduleElementDto@4c50cd7d, neoflex.calculator.dto.PaymentScheduleElementDto@3ea84e01, neoflex.calculator.dto.PaymentScheduleElementDto@1a4930cf]
17:40:04.926 [main] INFO  n.c.service.LoanOfferService - Рассчитанные данные кредита: neoflex.calculator.dto.CreditDto@3fd33f48
]]></system-out>
  </testcase>
  <testcase name="testCalculateCredit_MiddleManager" classname="neoflex.calculator.service.LoanOfferServiceTest" time="0.004">
    <system-out><![CDATA[17:40:04.929 [main] INFO  n.c.service.LoanOfferService - Расчет кредита для данных скоринга: neoflex.calculator.dto.ScoringDataDto@75a226ea
17:40:04.929 [main] DEBUG n.c.service.LoanOfferService - Расчет аннуитетного ежемесячного платежа для loanAmount: 100000, rate: -1.9, termMonths: 12
17:40:04.929 [main] DEBUG n.c.service.LoanOfferService - Рассчитан аннуитетный ежемесячный платеж: 2290.51
17:40:04.929 [main] DEBUG n.c.service.LoanOfferService - Расчет графика аннуитетных платежей для loanAmount: 100000, rate: -1.9, term: 12
17:40:04.929 [main] DEBUG n.c.service.LoanOfferService - Расчет аннуитетного ежемесячного платежа для loanAmount: 100000, rate: -1.9, termMonths: 12
17:40:04.929 [main] DEBUG n.c.service.LoanOfferService - Рассчитан аннуитетный ежемесячный платеж: 2290.51
17:40:04.930 [main] DEBUG n.c.service.LoanOfferService - Рассчитан график аннуитетных платежей: [neoflex.calculator.dto.PaymentScheduleElementDto@986b619, neoflex.calculator.dto.PaymentScheduleElementDto@5a1a20ae, neoflex.calculator.dto.PaymentScheduleElementDto@7c956dda, neoflex.calculator.dto.PaymentScheduleElementDto@186481d4, neoflex.calculator.dto.PaymentScheduleElementDto@24eecabf, neoflex.calculator.dto.PaymentScheduleElementDto@2ffa91dc, neoflex.calculator.dto.PaymentScheduleElementDto@78d6c244, neoflex.calculator.dto.PaymentScheduleElementDto@448086ab, neoflex.calculator.dto.PaymentScheduleElementDto@16e907b6, neoflex.calculator.dto.PaymentScheduleElementDto@6de610c6, neoflex.calculator.dto.PaymentScheduleElementDto@23ec2bdc, neoflex.calculator.dto.PaymentScheduleElementDto@631944d4]
17:40:04.930 [main] DEBUG n.c.service.LoanOfferService - Расчет дифференцированного ежемесячного платежа для loanAmount: 100000, rate: -1.9, termMonths: 12
17:40:04.930 [main] DEBUG n.c.service.LoanOfferService - Рассчитан дифференцированный ежемесячный платеж: -7500.00
17:40:04.930 [main] DEBUG n.c.service.LoanOfferService - Расчет итоговой суммы дифференцированного кредита для loanAmount: 100000, rate: -1.9, termMonths: 12
17:40:04.930 [main] DEBUG n.c.service.LoanOfferService - Рассчитана итоговая сумма дифференцированного кредита: -2916.6666666666666666666666666666524833333333333333333333333333333326
17:40:04.931 [main] DEBUG n.c.service.LoanOfferService - Расчет графика дифференцированных платежей для loanAmount: 100000, rate: -1.9, term: 12
17:40:04.931 [main] DEBUG n.c.service.LoanOfferService - Рассчитан график дифференцированных платежей: [neoflex.calculator.dto.PaymentScheduleElementDto@3d132bb6, neoflex.calculator.dto.PaymentScheduleElementDto@60ae7cf2, neoflex.calculator.dto.PaymentScheduleElementDto@225e09f0, neoflex.calculator.dto.PaymentScheduleElementDto@bc8d68b, neoflex.calculator.dto.PaymentScheduleElementDto@2fa212df, neoflex.calculator.dto.PaymentScheduleElementDto@3cf8a235, neoflex.calculator.dto.PaymentScheduleElementDto@6e3b2dd3, neoflex.calculator.dto.PaymentScheduleElementDto@238ad211, neoflex.calculator.dto.PaymentScheduleElementDto@1c011855, neoflex.calculator.dto.PaymentScheduleElementDto@6591f8ea, neoflex.calculator.dto.PaymentScheduleElementDto@5273143e, neoflex.calculator.dto.PaymentScheduleElementDto@279c4e3b]
17:40:04.931 [main] INFO  n.c.service.LoanOfferService - Рассчитанные данные кредита: neoflex.calculator.dto.CreditDto@334b392d
]]></system-out>
  </testcase>
  <testcase name="testCalculateCredit_InsufficientWorkExperience" classname="neoflex.calculator.service.LoanOfferServiceTest" time="0.003">
    <system-out><![CDATA[17:40:04.935 [main] INFO  n.c.service.LoanOfferService - Расчет кредита для данных скоринга: neoflex.calculator.dto.ScoringDataDto@136fece2
17:40:04.935 [main] WARN  n.c.service.LoanOfferService - Данные скоринга отклонены: Недостаточный стаж работы.
]]></system-out>
  </testcase>
  <testcase name="testGenerateLoanOffers_sortOrder" classname="neoflex.calculator.service.LoanOfferServiceTest" time="0.006">
    <system-out><![CDATA[17:40:04.938 [main] INFO  n.c.service.LoanOfferService - Генерация кредитных предложений для запроса: neoflex.calculator.dto.LoanStatementRequestDto@56478522
17:40:04.938 [main] DEBUG n.c.service.LoanOfferService - Создание кредитного предложения с insuranceEnabled: false, salaryClient: false
17:40:04.938 [main] DEBUG n.c.service.LoanOfferService - Расчет аннуитетного ежемесячного платежа для loanAmount: 500000, rate: 0.1, termMonths: 24
17:40:04.938 [main] DEBUG n.c.service.LoanOfferService - Рассчитан аннуитетный ежемесячный платеж: 23072.46
17:40:04.938 [main] DEBUG n.c.service.LoanOfferService - Расчет дифференцированного ежемесячного платежа для loanAmount: 500000, rate: 0.1, termMonths: 24
17:40:04.938 [main] DEBUG n.c.service.LoanOfferService - Рассчитан дифференцированный ежемесячный платеж: 25000.00
17:40:04.938 [main] DEBUG n.c.service.LoanOfferService - Расчет итоговой суммы дифференцированного кредита для loanAmount: 500000, rate: 0.1, termMonths: 24
17:40:04.938 [main] DEBUG n.c.service.LoanOfferService - Рассчитана итоговая сумма дифференцированного кредита: 552083.33333333333333333333333333325891666666666666666666666666666666636
17:40:04.938 [main] DEBUG n.c.service.LoanOfferService - Создано кредитное предложение: neoflex.calculator.dto.LoanOfferDto@3caf5c96
17:40:04.938 [main] DEBUG n.c.service.LoanOfferService - Создание кредитного предложения с insuranceEnabled: false, salaryClient: true
17:40:04.938 [main] DEBUG n.c.service.LoanOfferService - Расчет аннуитетного ежемесячного платежа для loanAmount: 500000, rate: 0.09, termMonths: 24
17:40:04.938 [main] DEBUG n.c.service.LoanOfferService - Рассчитан аннуитетный ежемесячный платеж: 22842.37
17:40:04.938 [main] DEBUG n.c.service.LoanOfferService - Расчет дифференцированного ежемесячного платежа для loanAmount: 500000, rate: 0.09, termMonths: 24
17:40:04.939 [main] DEBUG n.c.service.LoanOfferService - Рассчитан дифференцированный ежемесячный платеж: 24583.33
17:40:04.939 [main] DEBUG n.c.service.LoanOfferService - Расчет итоговой суммы дифференцированного кредита для loanAmount: 500000, rate: 0.09, termMonths: 24
17:40:04.939 [main] DEBUG n.c.service.LoanOfferService - Рассчитана итоговая сумма дифференцированного кредита: 546874.999999999999999999999999999926900
17:40:04.939 [main] DEBUG n.c.service.LoanOfferService - Создано кредитное предложение: neoflex.calculator.dto.LoanOfferDto@5b3755f4
17:40:04.939 [main] DEBUG n.c.service.LoanOfferService - Создание кредитного предложения с insuranceEnabled: true, salaryClient: false
17:40:04.939 [main] DEBUG n.c.service.LoanOfferService - Расчет аннуитетного ежемесячного платежа для loanAmount: 500000, rate: 0.07, termMonths: 24
17:40:04.939 [main] DEBUG n.c.service.LoanOfferService - Рассчитан аннуитетный ежемесячный платеж: 22386.29
17:40:04.939 [main] DEBUG n.c.service.LoanOfferService - Расчет дифференцированного ежемесячного платежа для loanAmount: 500000, rate: 0.07, termMonths: 24
17:40:04.939 [main] DEBUG n.c.service.LoanOfferService - Рассчитан дифференцированный ежемесячный платеж: 23750.00
17:40:04.939 [main] DEBUG n.c.service.LoanOfferService - Расчет итоговой суммы дифференцированного кредита для loanAmount: 500000, rate: 0.07, termMonths: 24
17:40:04.939 [main] DEBUG n.c.service.LoanOfferService - Рассчитана итоговая сумма дифференцированного кредита: 536458.33333333333333333333333333325661666666666666666666666666666666636
17:40:04.940 [main] DEBUG n.c.service.LoanOfferService - Создано кредитное предложение: neoflex.calculator.dto.LoanOfferDto@37d3aa8c
17:40:04.940 [main] DEBUG n.c.service.LoanOfferService - Создание кредитного предложения с insuranceEnabled: true, salaryClient: true
17:40:04.940 [main] DEBUG n.c.service.LoanOfferService - Расчет аннуитетного ежемесячного платежа для loanAmount: 500000, rate: 0.06, termMonths: 24
17:40:04.940 [main] DEBUG n.c.service.LoanOfferService - Рассчитан аннуитетный ежемесячный платеж: 22160.31
17:40:04.940 [main] DEBUG n.c.service.LoanOfferService - Расчет дифференцированного ежемесячного платежа для loanAmount: 500000, rate: 0.06, termMonths: 24
17:40:04.940 [main] DEBUG n.c.service.LoanOfferService - Рассчитан дифференцированный ежемесячный платеж: 23333.33
17:40:04.940 [main] DEBUG n.c.service.LoanOfferService - Расчет итоговой суммы дифференцированного кредита для loanAmount: 500000, rate: 0.06, termMonths: 24
17:40:04.940 [main] DEBUG n.c.service.LoanOfferService - Рассчитана итоговая сумма дифференцированного кредита: 531249.99999999999999999999999999992460
17:40:04.940 [main] DEBUG n.c.service.LoanOfferService - Создано кредитное предложение: neoflex.calculator.dto.LoanOfferDto@5dd747c1
17:40:04.940 [main] INFO  n.c.service.LoanOfferService - Сгенерировано 4 кредитных предложений.
]]></system-out>
  </testcase>
  <testcase name="testCalculateCredit_InsufficientCurrentWorkExperience" classname="neoflex.calculator.service.LoanOfferServiceTest" time="0.002">
    <system-out><![CDATA[17:40:04.945 [main] INFO  n.c.service.LoanOfferService - Расчет кредита для данных скоринга: neoflex.calculator.dto.ScoringDataDto@3b33fff9
17:40:04.945 [main] WARN  n.c.service.LoanOfferService - Данные скоринга отклонены: Недостаточный стаж работы.
]]></system-out>
  </testcase>
  <testcase name="testCalculateCredit_FemaleAge32to60" classname="neoflex.calculator.service.LoanOfferServiceTest" time="0.004">
    <system-out><![CDATA[17:40:04.948 [main] INFO  n.c.service.LoanOfferService - Расчет кредита для данных скоринга: neoflex.calculator.dto.ScoringDataDto@fd87c22
17:40:04.948 [main] DEBUG n.c.service.LoanOfferService - Расчет аннуитетного ежемесячного платежа для loanAmount: 100000, rate: -2.9, termMonths: 12
17:40:04.949 [main] DEBUG n.c.service.LoanOfferService - Рассчитан аннуитетный ежемесячный платеж: 906.85
17:40:04.949 [main] DEBUG n.c.service.LoanOfferService - Расчет графика аннуитетных платежей для loanAmount: 100000, rate: -2.9, term: 12
17:40:04.949 [main] DEBUG n.c.service.LoanOfferService - Расчет аннуитетного ежемесячного платежа для loanAmount: 100000, rate: -2.9, termMonths: 12
17:40:04.949 [main] DEBUG n.c.service.LoanOfferService - Рассчитан аннуитетный ежемесячный платеж: 906.85
17:40:04.949 [main] DEBUG n.c.service.LoanOfferService - Рассчитан график аннуитетных платежей: [neoflex.calculator.dto.PaymentScheduleElementDto@fee881, neoflex.calculator.dto.PaymentScheduleElementDto@1ff463bb, neoflex.calculator.dto.PaymentScheduleElementDto@3b9c9b8b, neoflex.calculator.dto.PaymentScheduleElementDto@7769d9b6, neoflex.calculator.dto.PaymentScheduleElementDto@248d3a, neoflex.calculator.dto.PaymentScheduleElementDto@3c71cf3e, neoflex.calculator.dto.PaymentScheduleElementDto@636e4bf8, neoflex.calculator.dto.PaymentScheduleElementDto@5af38a4a, neoflex.calculator.dto.PaymentScheduleElementDto@7e1a9173, neoflex.calculator.dto.PaymentScheduleElementDto@4ca0b9b1, neoflex.calculator.dto.PaymentScheduleElementDto@5d800a56, neoflex.calculator.dto.PaymentScheduleElementDto@1be77a76]
17:40:04.949 [main] DEBUG n.c.service.LoanOfferService - Расчет дифференцированного ежемесячного платежа для loanAmount: 100000, rate: -2.9, termMonths: 12
17:40:04.949 [main] DEBUG n.c.service.LoanOfferService - Рассчитан дифференцированный ежемесячный платеж: -15833.33
17:40:04.949 [main] DEBUG n.c.service.LoanOfferService - Расчет итоговой суммы дифференцированного кредита для loanAmount: 100000, rate: -2.9, termMonths: 12
17:40:04.950 [main] DEBUG n.c.service.LoanOfferService - Рассчитана итоговая сумма дифференцированного кредита: -57083.3333333333333333333333333333643166666666666666666666666666666674
17:40:04.950 [main] DEBUG n.c.service.LoanOfferService - Расчет графика дифференцированных платежей для loanAmount: 100000, rate: -2.9, term: 12
17:40:04.950 [main] DEBUG n.c.service.LoanOfferService - Рассчитан график дифференцированных платежей: [neoflex.calculator.dto.PaymentScheduleElementDto@315cf170, neoflex.calculator.dto.PaymentScheduleElementDto@7878bbdb, neoflex.calculator.dto.PaymentScheduleElementDto@25f7cc38, neoflex.calculator.dto.PaymentScheduleElementDto@563263a, neoflex.calculator.dto.PaymentScheduleElementDto@53e28097, neoflex.calculator.dto.PaymentScheduleElementDto@6e794f53, neoflex.calculator.dto.PaymentScheduleElementDto@75f4d8a8, neoflex.calculator.dto.PaymentScheduleElementDto@69ba72da, neoflex.calculator.dto.PaymentScheduleElementDto@2e1ba142, neoflex.calculator.dto.PaymentScheduleElementDto@abc7005, neoflex.calculator.dto.PaymentScheduleElementDto@595ec862, neoflex.calculator.dto.PaymentScheduleElementDto@63c84d31]
17:40:04.950 [main] INFO  n.c.service.LoanOfferService - Рассчитанные данные кредита: neoflex.calculator.dto.CreditDto@102af1bb
]]></system-out>
  </testcase>
  <testcase name="testGenerateCreditDTO" classname="neoflex.calculator.service.LoanOfferServiceTest" time="0.01">
    <system-out><![CDATA[17:40:04.952 [main] INFO  n.c.service.LoanOfferService - Расчет кредита для данных скоринга: neoflex.calculator.dto.ScoringDataDto@797f97e3
17:40:04.952 [main] DEBUG n.c.service.LoanOfferService - Расчет аннуитетного ежемесячного платежа для loanAmount: 100000, rate: 0.1, termMonths: 12
17:40:04.952 [main] DEBUG n.c.service.LoanOfferService - Рассчитан аннуитетный ежемесячный платеж: 8791.59
17:40:04.952 [main] DEBUG n.c.service.LoanOfferService - Расчет графика аннуитетных платежей для loanAmount: 100000, rate: 0.1, term: 12
17:40:04.952 [main] DEBUG n.c.service.LoanOfferService - Расчет аннуитетного ежемесячного платежа для loanAmount: 100000, rate: 0.1, termMonths: 12
17:40:04.952 [main] DEBUG n.c.service.LoanOfferService - Рассчитан аннуитетный ежемесячный платеж: 8791.59
17:40:04.953 [main] DEBUG n.c.service.LoanOfferService - Рассчитан график аннуитетных платежей: [neoflex.calculator.dto.PaymentScheduleElementDto@56cd5d76, neoflex.calculator.dto.PaymentScheduleElementDto@77cd235b, neoflex.calculator.dto.PaymentScheduleElementDto@302da330, neoflex.calculator.dto.PaymentScheduleElementDto@3568ea59, neoflex.calculator.dto.PaymentScheduleElementDto@9f2376f, neoflex.calculator.dto.PaymentScheduleElementDto@173b1af1, neoflex.calculator.dto.PaymentScheduleElementDto@4a520f05, neoflex.calculator.dto.PaymentScheduleElementDto@389a1e34, neoflex.calculator.dto.PaymentScheduleElementDto@204b0f07, neoflex.calculator.dto.PaymentScheduleElementDto@6f68756d, neoflex.calculator.dto.PaymentScheduleElementDto@359865a2, neoflex.calculator.dto.PaymentScheduleElementDto@5d9bb69b]
17:40:04.953 [main] DEBUG n.c.service.LoanOfferService - Расчет дифференцированного ежемесячного платежа для loanAmount: 100000, rate: 0.1, termMonths: 12
17:40:04.953 [main] DEBUG n.c.service.LoanOfferService - Рассчитан дифференцированный ежемесячный платеж: 9166.67
17:40:04.953 [main] DEBUG n.c.service.LoanOfferService - Расчет итоговой суммы дифференцированного кредита для loanAmount: 100000, rate: 0.1, termMonths: 12
17:40:04.953 [main] DEBUG n.c.service.LoanOfferService - Рассчитана итоговая сумма дифференцированного кредита: 105416.666666666666666666666666666662633333333333333333333333333333333326
17:40:04.953 [main] DEBUG n.c.service.LoanOfferService - Расчет графика дифференцированных платежей для loanAmount: 100000, rate: 0.1, term: 12
17:40:04.953 [main] DEBUG n.c.service.LoanOfferService - Рассчитан график дифференцированных платежей: [neoflex.calculator.dto.PaymentScheduleElementDto@25d0b918, neoflex.calculator.dto.PaymentScheduleElementDto@9bf63d2, neoflex.calculator.dto.PaymentScheduleElementDto@7ffcb232, neoflex.calculator.dto.PaymentScheduleElementDto@7f53fc38, neoflex.calculator.dto.PaymentScheduleElementDto@5feb82b3, neoflex.calculator.dto.PaymentScheduleElementDto@2d38db6f, neoflex.calculator.dto.PaymentScheduleElementDto@37cf91d8, neoflex.calculator.dto.PaymentScheduleElementDto@571d0925, neoflex.calculator.dto.PaymentScheduleElementDto@54e0f76f, neoflex.calculator.dto.PaymentScheduleElementDto@3fe8ad3f, neoflex.calculator.dto.PaymentScheduleElementDto@7462ba4b, neoflex.calculator.dto.PaymentScheduleElementDto@4b09d1c3]
17:40:04.953 [main] INFO  n.c.service.LoanOfferService - Рассчитанные данные кредита: neoflex.calculator.dto.CreditDto@18811c42
Credit Data:
Amount: 100000
Term: 12
Rate: 0.1
Annuity Monthly Payment: 8791.59
Annuity PSK: 105499.08
Differentiated Monthly Payment: 9166.67
Differentiated PSK: 105416.666666666666666666666666666662633333333333333333333333333333333326
Is Insurance Enabled: null
Is Salary Client: null
Annuity Payment Schedule:
Payment 1:
Date: 2024-11-20
Total Payment: 8791.59
Interest Payment: 833.333333333333333333333333333333300000
Debt Payment: 7958.256666666666666666666666666666700000
Remaining Debt: 92041.743333333333333333333333333333300000

Payment 2:
Date: 2024-12-20
Total Payment: 8791.59
Interest Payment: 767.014527777777777777777777777777746819418888888888888888888888888888900000
Debt Payment: 8024.575472222222222222222222222222253180581111111111111111111111111111100000
Remaining Debt: 84017.167861111111111111111111111111046819418888888888888888888888888888900000

Payment 3:
Date: 2025-01-20
Total Payment: 8791.59
Interest Payment: 700.143065509259259259259259259259230717772537037037037037037037037037058560193703703703703703703703703703700000
Debt Payment: 8091.446934490740740740740740740740769282227462962962962962962962962962941439806296296296296296296296296296300000
Remaining Debt: 75925.720926620370370370370370370370277537191425925925925925925925925925958560193703703703703703703703703703700000

Payment 4:
Date: 2025-02-20
Total Payment: 8791.59
Interest Payment: 632.714341055169753086419753086419727004236286342592592592592592592592623808937805555555555555555555555555544646602098765432098765432098765432100000
Debt Payment: 8158.875658944830246913580246913580272995763713657407407407407407407407376191062194444444444444444444444444455353397901234567901234567901234567900000
Remaining Debt: 67766.845267675540123456790123456790004541427712268518518518518518518518582369131509259259259259259259259259244646602098765432098765432098765432100000

Payment 5:
Date: 2025-03-20
Total Payment: 8791.59
Interest Payment: 564.723710563962834362139917695473227448896808377057613168724279835390986672600191820987654320987654320987632915677847736625514403292181069958852617799300411522633744855967078189300000
Debt Payment: 8226.866289436037165637860082304526772551103191622942386831275720164609013327399808179012345679012345679012367084322152263374485596707818930041147382200699588477366255144032921810700000
Remaining Debt: 59539.978978239502957818930041152263231990324520645576131687242798353909569041731701080246913580246913580246877562279946502057613168724279835390952617799300411522633744855967078189300000

Payment 6:
Date: 2025-04-20
Total Payment: 8791.59
Interest Payment: 496.166491485329191315157750342935507086593044925545481824417009602194835745239590627143347050754458161865534299108432527434842249657064471879298751055012002743484224965706447187926627400233196159122085048010973936900000
Debt Payment: 8295.423508514670808684842249657064492913406955074454518175582990397805164254760409372856652949245541838134465700891567472565157750342935528120701248944987997256515775034293552812073372599766803840877914951989026063100000
Remaining Debt: 51244.555469724832149134087791495198739076917565571121613511659807956104404786971291707390260631001371742112411861388379029492455418381344307270251368854312414266117969821673525377226627400233196159122085048010973936900000

Payment 7:
Date: 2025-05-20
Total Payment: 8791.59
Interest Payment: 427.037962247706934576117398262459972410789156471481963734567901234567957014252238907187714334705075445816135169854472589449016918152720621856448140944326260288065843621399176954726432276897805212620027434842249657065290866588934613625971650663008687700000
Debt Payment: 8364.552037752293065423882601737540027589210843528518036265432098765432042985747761092812285665294924554183864830145527410550983081847279378143551859055673739711934156378600823045273567723102194787379972565157750342934709133411065386374028349336991312300000
Remaining Debt: 42880.003431972539083710205189757658711487706722042603577246227709190672361801223530614577974965706447187928547031242851618941472336534064929126699509798638674554183813443072702331953059677131001371742112482853223593965290866588934613625971650663008687700000

Payment 8:
Date: 2025-06-20
Total Payment: 8791.59
Interest Payment: 357.333361933104492364251709914647141635729745359508668573650167657369365852441288740920290709304983996341950624852513558631853947568968145099873485500704782640794086267337296143866438897763200160036579789666209419298690864844573997866178936137783874409069711137021795458009449778997104100000
Debt Payment: 8434.256638066895507635748290085352858364270254640491331426349832342630634147558711259079709290695016003658049375147486441368146052431031854900126514499295217359205913732662703856133561102236799839963420210333790580701309135155426002133821063862216125590930288862978204541990550221002895900000
Remaining Debt: 34445.746793905643576074456899672305853123436467402112245819877876848041727653664819355498265675011431184270497656095365177573326284103033074226572995299343457194977899710409998475819498574894201531778692272519433013263981731433508611492150586800792562109069711137021795458009449778997104100000

Payment 9:
Date: 2025-07-20
Total Payment: 8791.59
Interest Payment: 287.047889949213696467287140830602537294113039259803076690346682416298396689301717693925070273999136310521678262579188257980355827363714880861722222929039469618849387796575725245107497388342965947772189198800995783170700322797212061169537164050195600262915003781638977798099883147894121831143429620992734847330183407000965300000
Debt Payment: 8504.542110050786303532712859169397462705886960740196923309653317583701603310698282306074929726000863689478321737420811742019644172636285119138277777070960530381150612203424274754892502611657034052227810801199004216829299677202787938830462835949804399737084996218361022201900116852105878168856570379007265152669816592999034700000
Remaining Debt: 25941.204683854857272541744040502908390417549506661915322510224559264340124342966537049423335949010567494792175918674553435553682111466747955088295218228382926813827287506985723720926995963237167479550881471320428796434682054230720672661687750850988162371984714918660773256109332926891225931143429620992734847330183407000965300000

Payment 10:
Date: 2025-08-20
Total Payment: 8791.59
Interest Payment: 216.176705698790477271181200337524227939744684603896870173670524492900037563674885588106753629500234974343226685000108928821835367925367068028343820593718712538887856906975562668242652223566000791053828176599095666327957029372866845755220240816948635874872521214081948889904994157394706092097956940621348371691307219427932733785523459669088384223272197666344900000
Debt Payment: 8575.413294301209522728818799662475772060255315396103129826329475507099962436325114411893246370499765025656773314999891071178164632074632931971656179406281287461112143093024437331757347776433999208946171823400904333672042970627133154244779759183051364125127478785918051110095005842605293907902043059378651628308692780572067266214476540330911615776727802333655100000
Remaining Debt: 17365.791389553647749812925240840432618357294191265812192683895083757240161906641422637530089578510802469135402603674662364375517479392115023116639038822101639352715144413961286389169648186803168270604709647919524462762639083603587518416907991667936798246857236132742722146014327084285932023241386561614083219021490626428898033785523459669088384223272197666344900000

Payment 11:
Date: 2025-09-20
Total Payment: 8791.59
Interest Payment: 144.714928246280397915107710340336932697713655075999185001390712084499461896790614766708686518522562101496074386150147973859766119491333468814171124098630058869433466406078003014363400794189479951349991109078900574133139263428973805785237683957391319064510782433243683212247455503056783351241266177099209978153736727124930142534417174959214663528030392837586862904825513443637205258909267444551700000
Debt Payment: 8646.875071753719602084892289659663067302286344924000814998609287915500538103209385233291313481477437898503925613849852026140233880508666531185828875901369941130566533593921996985636599205810520048650008890921099425866860736571026194214762316042608680935489217566756316787752544496943216648758733822900790021846263272875069857465582825040785336471969607162413137095174486556362794741090732555448300000
Remaining Debt: 8718.916317799928147728032951180769551055007846341811377685285795841739623803432037404238776097033364570631476989824810338235283598883448491930810162920731698222148610820039289403533048980992648221954700756998425036895778347032561324202145675625328117311368018565986405358261782587342715374482652738713293197175227353553828176319940634628303047751302590503931762904825513443637205258909267444551700000

Payment 12:
Date: 2025-10-20
Total Payment: 8791.59
Interest Payment: 72.657635981666067897733607926506410019152959452872378904699731238424646513359318197764863905713346090842054373771194284739035330979573880555597754749402651406756705462350830101426054434597705994466752232961890407463115159227721937050117628297402722012335284477196111977270289646451816857664682584160475657222532698832043443308448592384138126339518403736256705917560001069262627460056713727394009865058162185454264913696910851816100000
Debt Payment: 8718.932364018333932102266392073493589980847040547127621095300268761575353486640681802235136094286653909157945626228805715260964669020426119444402245250597348593243294537649169898573945565402294005533247767038109592536884840772278062949882371702597277987664715522803888022729710353548183142335317415839524342777467301167956556691551407615861873660481596263743294082439998930737372539943286272605990134941837814545735086303089148183900000
Remaining Debt: -0.016046218405784374233440892724038925839194205316243410014472919835729683208644397996359997253289338526468636403995377025681070136977627513592082329865650371094683717609880495040896584409645783578547010039684555641106493739716738747736696077269160676296696956817482664467927766205467767852664677126231145602239947614128380371610772987558825909179005759811531177614485487100167281034018828054290134941837814545735086303089148183900000

Differentiated Payment Schedule:
Payment 1:
Date: 2024-11-20
Total Payment: 9166.666666666666666666666666666666300000
Interest Payment: 833.333333333333333333333333333333300000
Debt Payment: 8333.333333333333333333333333333333
Remaining Debt: 91666.666666666666666666666666666667

Payment 2:
Date: 2024-12-20
Total Payment: 9097.222222222222222222222222222221861111111111111111111111111111111111
Interest Payment: 763.888888888888888888888888888888861111111111111111111111111111111111
Debt Payment: 8333.333333333333333333333333333333
Remaining Debt: 83333.333333333333333333333333333334

Payment 3:
Date: 2025-01-20
Total Payment: 9027.777777777777777777777777777777422222222222222222222222222222222222
Interest Payment: 694.444444444444444444444444444444422222222222222222222222222222222222
Debt Payment: 8333.333333333333333333333333333333
Remaining Debt: 75000.000000000000000000000000000001

Payment 4:
Date: 2025-02-20
Total Payment: 8958.333333333333333333333333333332983333333333333333333333333333333333
Interest Payment: 624.999999999999999999999999999999983333333333333333333333333333333333
Debt Payment: 8333.333333333333333333333333333333
Remaining Debt: 66666.666666666666666666666666666668

Payment 5:
Date: 2025-03-20
Total Payment: 8888.888888888888888888888888888888544444444444444444444444444444444444
Interest Payment: 555.555555555555555555555555555555544444444444444444444444444444444444
Debt Payment: 8333.333333333333333333333333333333
Remaining Debt: 58333.333333333333333333333333333335

Payment 6:
Date: 2025-04-20
Total Payment: 8819.444444444444444444444444444444105555555555555555555555555555555555
Interest Payment: 486.111111111111111111111111111111105555555555555555555555555555555555
Debt Payment: 8333.333333333333333333333333333333
Remaining Debt: 50000.000000000000000000000000000002

Payment 7:
Date: 2025-05-20
Total Payment: 8749.999999999999999999999999999999666666666666666666666666666666666666
Interest Payment: 416.666666666666666666666666666666666666666666666666666666666666666666
Debt Payment: 8333.333333333333333333333333333333
Remaining Debt: 41666.666666666666666666666666666669

Payment 8:
Date: 2025-06-20
Total Payment: 8680.555555555555555555555555555555227777777777777777777777777777777777
Interest Payment: 347.222222222222222222222222222222227777777777777777777777777777777777
Debt Payment: 8333.333333333333333333333333333333
Remaining Debt: 33333.333333333333333333333333333336

Payment 9:
Date: 2025-07-20
Total Payment: 8611.111111111111111111111111111110788888888888888888888888888888888888
Interest Payment: 277.777777777777777777777777777777788888888888888888888888888888888888
Debt Payment: 8333.333333333333333333333333333333
Remaining Debt: 25000.000000000000000000000000000003

Payment 10:
Date: 2025-08-20
Total Payment: 8541.666666666666666666666666666666349999999999999999999999999999999999
Interest Payment: 208.333333333333333333333333333333349999999999999999999999999999999999
Debt Payment: 8333.333333333333333333333333333333
Remaining Debt: 16666.666666666666666666666666666670

Payment 11:
Date: 2025-09-20
Total Payment: 8472.222222222222222222222222222221911111111111111111111111111111111110
Interest Payment: 138.888888888888888888888888888888911111111111111111111111111111111110
Debt Payment: 8333.333333333333333333333333333333
Remaining Debt: 8333.333333333333333333333333333337

Payment 12:
Date: 2025-10-20
Total Payment: 8402.777777777777777777777777777777472222222222222222222222222222222221
Interest Payment: 69.444444444444444444444444444444472222222222222222222222222222222221
Debt Payment: 8333.333333333333333333333333333333
Remaining Debt: 4E-30

]]></system-out>
  </testcase>
  <testcase name="testGenerateLoanOffers_noInsuranceWithSalaryClient" classname="neoflex.calculator.service.LoanOfferServiceTest" time="0.004">
    <system-out><![CDATA[17:40:04.963 [main] INFO  n.c.service.LoanOfferService - Генерация кредитных предложений для запроса: neoflex.calculator.dto.LoanStatementRequestDto@165aa43a
17:40:04.963 [main] DEBUG n.c.service.LoanOfferService - Создание кредитного предложения с insuranceEnabled: false, salaryClient: false
17:40:04.963 [main] DEBUG n.c.service.LoanOfferService - Расчет аннуитетного ежемесячного платежа для loanAmount: 500000, rate: 0.1, termMonths: 24
17:40:04.963 [main] DEBUG n.c.service.LoanOfferService - Рассчитан аннуитетный ежемесячный платеж: 23072.46
17:40:04.963 [main] DEBUG n.c.service.LoanOfferService - Расчет дифференцированного ежемесячного платежа для loanAmount: 500000, rate: 0.1, termMonths: 24
17:40:04.963 [main] DEBUG n.c.service.LoanOfferService - Рассчитан дифференцированный ежемесячный платеж: 25000.00
17:40:04.963 [main] DEBUG n.c.service.LoanOfferService - Расчет итоговой суммы дифференцированного кредита для loanAmount: 500000, rate: 0.1, termMonths: 24
17:40:04.963 [main] DEBUG n.c.service.LoanOfferService - Рассчитана итоговая сумма дифференцированного кредита: 552083.33333333333333333333333333325891666666666666666666666666666666636
17:40:04.964 [main] DEBUG n.c.service.LoanOfferService - Создано кредитное предложение: neoflex.calculator.dto.LoanOfferDto@22cd8ec2
17:40:04.964 [main] DEBUG n.c.service.LoanOfferService - Создание кредитного предложения с insuranceEnabled: false, salaryClient: true
17:40:04.964 [main] DEBUG n.c.service.LoanOfferService - Расчет аннуитетного ежемесячного платежа для loanAmount: 500000, rate: 0.09, termMonths: 24
17:40:04.964 [main] DEBUG n.c.service.LoanOfferService - Рассчитан аннуитетный ежемесячный платеж: 22842.37
17:40:04.964 [main] DEBUG n.c.service.LoanOfferService - Расчет дифференцированного ежемесячного платежа для loanAmount: 500000, rate: 0.09, termMonths: 24
17:40:04.964 [main] DEBUG n.c.service.LoanOfferService - Рассчитан дифференцированный ежемесячный платеж: 24583.33
17:40:04.964 [main] DEBUG n.c.service.LoanOfferService - Расчет итоговой суммы дифференцированного кредита для loanAmount: 500000, rate: 0.09, termMonths: 24
17:40:04.964 [main] DEBUG n.c.service.LoanOfferService - Рассчитана итоговая сумма дифференцированного кредита: 546874.999999999999999999999999999926900
17:40:04.964 [main] DEBUG n.c.service.LoanOfferService - Создано кредитное предложение: neoflex.calculator.dto.LoanOfferDto@7d977a20
17:40:04.964 [main] DEBUG n.c.service.LoanOfferService - Создание кредитного предложения с insuranceEnabled: true, salaryClient: false
17:40:04.964 [main] DEBUG n.c.service.LoanOfferService - Расчет аннуитетного ежемесячного платежа для loanAmount: 500000, rate: 0.07, termMonths: 24
17:40:04.964 [main] DEBUG n.c.service.LoanOfferService - Рассчитан аннуитетный ежемесячный платеж: 22386.29
17:40:04.964 [main] DEBUG n.c.service.LoanOfferService - Расчет дифференцированного ежемесячного платежа для loanAmount: 500000, rate: 0.07, termMonths: 24
17:40:04.964 [main] DEBUG n.c.service.LoanOfferService - Рассчитан дифференцированный ежемесячный платеж: 23750.00
17:40:04.964 [main] DEBUG n.c.service.LoanOfferService - Расчет итоговой суммы дифференцированного кредита для loanAmount: 500000, rate: 0.07, termMonths: 24
17:40:04.964 [main] DEBUG n.c.service.LoanOfferService - Рассчитана итоговая сумма дифференцированного кредита: 536458.33333333333333333333333333325661666666666666666666666666666666636
17:40:04.964 [main] DEBUG n.c.service.LoanOfferService - Создано кредитное предложение: neoflex.calculator.dto.LoanOfferDto@35ab4260
17:40:04.964 [main] DEBUG n.c.service.LoanOfferService - Создание кредитного предложения с insuranceEnabled: true, salaryClient: true
17:40:04.964 [main] DEBUG n.c.service.LoanOfferService - Расчет аннуитетного ежемесячного платежа для loanAmount: 500000, rate: 0.06, termMonths: 24
17:40:04.964 [main] DEBUG n.c.service.LoanOfferService - Рассчитан аннуитетный ежемесячный платеж: 22160.31
17:40:04.964 [main] DEBUG n.c.service.LoanOfferService - Расчет дифференцированного ежемесячного платежа для loanAmount: 500000, rate: 0.06, termMonths: 24
17:40:04.964 [main] DEBUG n.c.service.LoanOfferService - Рассчитан дифференцированный ежемесячный платеж: 23333.33
17:40:04.965 [main] DEBUG n.c.service.LoanOfferService - Расчет итоговой суммы дифференцированного кредита для loanAmount: 500000, rate: 0.06, termMonths: 24
17:40:04.965 [main] DEBUG n.c.service.LoanOfferService - Рассчитана итоговая сумма дифференцированного кредита: 531249.99999999999999999999999999992460
17:40:04.965 [main] DEBUG n.c.service.LoanOfferService - Создано кредитное предложение: neoflex.calculator.dto.LoanOfferDto@76134b9b
17:40:04.965 [main] INFO  n.c.service.LoanOfferService - Сгенерировано 4 кредитных предложений.
]]></system-out>
  </testcase>
</testsuite>